<?xml version="1.0" encoding="UTF-8"?>
<testsuite name="com.puce.NakanoStay.controllers.RoomControllerTest" tests="14" skipped="0" failures="7" errors="0" timestamp="2025-08-13T19:56:09.805Z" hostname="JEREMYNAKANO" time="0.233">
  <properties/>
  <testcase name="should update room when put()" classname="com.puce.NakanoStay.controllers.RoomControllerTest" time="0.055"/>
  <testcase name="should return 404 when deleting non-existent room()" classname="com.puce.NakanoStay.controllers.RoomControllerTest" time="0.013">
    <failure message="java.lang.AssertionError: Status expected:&lt;404&gt; but was:&lt;405&gt;" type="java.lang.AssertionError">java.lang.AssertionError: Status expected:&lt;404&gt; but was:&lt;405&gt;
	at org.springframework.test.util.AssertionErrors.fail(AssertionErrors.java:61)
	at org.springframework.test.util.AssertionErrors.assertEquals(AssertionErrors.java:128)
	at org.springframework.test.web.servlet.result.StatusResultMatchers.lambda$matcher$9(StatusResultMatchers.java:640)
	at org.springframework.test.web.servlet.MockMvc$1.andExpect(MockMvc.java:214)
	at org.springframework.test.web.servlet.result.StatusResultMatchersDsl.isNotFound(StatusResultMatchersDsl.kt:278)
	at com.puce.NakanoStay.controllers.RoomControllerTest$should return 404 when deleting non-existent room$1$1.invoke(RoomControllerTest.kt:387)
	at com.puce.NakanoStay.controllers.RoomControllerTest$should return 404 when deleting non-existent room$1$1.invoke(RoomControllerTest.kt:387)
	at org.springframework.test.web.servlet.MockMvcResultMatchersDsl.status(MockMvcResultMatchersDsl.kt:97)
	at com.puce.NakanoStay.controllers.RoomControllerTest$should return 404 when deleting non-existent room$1.invoke(RoomControllerTest.kt:387)
	at com.puce.NakanoStay.controllers.RoomControllerTest$should return 404 when deleting non-existent room$1.invoke(RoomControllerTest.kt:386)
	at org.springframework.test.web.servlet.ResultActionsDsl.andExpect(ResultActionsDsl.kt:18)
	at com.puce.NakanoStay.controllers.RoomControllerTest.should return 404 when deleting non-existent room(RoomControllerTest.kt:386)
	at java.base/java.lang.reflect.Method.invoke(Method.java:580)
	at java.base/java.util.ArrayList.forEach(ArrayList.java:1596)
	at java.base/java.util.ArrayList.forEach(ArrayList.java:1596)
</failure>
  </testcase>
  <testcase name="should return empty list when hotel has no rooms()" classname="com.puce.NakanoStay.controllers.RoomControllerTest" time="0.012"/>
  <testcase name="should return 400 when create room with validation error()" classname="com.puce.NakanoStay.controllers.RoomControllerTest" time="0.012">
    <failure message="jakarta.servlet.ServletException: Request processing failed: com.puce.NakanoStay.exceptions.ValidationException: El número de habitación es requerido" type="jakarta.servlet.ServletException">jakarta.servlet.ServletException: Request processing failed: com.puce.NakanoStay.exceptions.ValidationException: El número de habitación es requerido
	at app//org.springframework.web.servlet.FrameworkServlet.processRequest(FrameworkServlet.java:1022)
	at app//org.springframework.web.servlet.FrameworkServlet.doPost(FrameworkServlet.java:914)
	at app//jakarta.servlet.http.HttpServlet.service(HttpServlet.java:590)
	at app//org.springframework.web.servlet.FrameworkServlet.service(FrameworkServlet.java:885)
	at app//org.springframework.test.web.servlet.TestDispatcherServlet.service(TestDispatcherServlet.java:72)
	at app//jakarta.servlet.http.HttpServlet.service(HttpServlet.java:658)
	at app//org.springframework.mock.web.MockFilterChain$ServletFilterProxy.doFilter(MockFilterChain.java:165)
	at app//org.springframework.mock.web.MockFilterChain.doFilter(MockFilterChain.java:132)
	at app//org.springframework.test.web.servlet.MockMvc.perform(MockMvc.java:201)
	at app//org.springframework.test.web.servlet.MockHttpServletRequestDsl.perform$spring_test(MockHttpServletRequestDsl.kt:237)
	at app//org.springframework.test.web.servlet.MockMvcExtensionsKt.post(MockMvcExtensions.kt:56)
	at app//com.puce.NakanoStay.controllers.RoomControllerTest.should return 400 when create room with validation error(RoomControllerTest.kt:249)
	at java.base@21.0.7/java.lang.reflect.Method.invoke(Method.java:580)
	at java.base@21.0.7/java.util.ArrayList.forEach(ArrayList.java:1596)
	at java.base@21.0.7/java.util.ArrayList.forEach(ArrayList.java:1596)
Caused by: com.puce.NakanoStay.exceptions.ValidationException: El número de habitación es requerido
	at app//com.puce.NakanoStay.services.RoomService.save(RoomService.kt:25)
	at app//com.puce.NakanoStay.controllers.RoomController.create(RoomController.kt:36)
	at java.base@21.0.7/jdk.internal.reflect.DirectMethodHandleAccessor.invoke(DirectMethodHandleAccessor.java:103)
	at java.base@21.0.7/java.lang.reflect.Method.invoke(Method.java:580)
	at app//kotlin.reflect.jvm.internal.calls.CallerImpl$Method.callMethod(CallerImpl.kt:97)
	at app//kotlin.reflect.jvm.internal.calls.CallerImpl$Method$Instance.call(CallerImpl.kt:113)
	at app//kotlin.reflect.jvm.internal.KCallableImpl.callDefaultMethod$kotlin_reflection(KCallableImpl.kt:207)
	at app//kotlin.reflect.jvm.internal.KCallableImpl.callBy(KCallableImpl.kt:112)
	at app//org.springframework.web.method.support.InvocableHandlerMethod$KotlinDelegate.invokeFunction(InvocableHandlerMethod.java:335)
	at app//org.springframework.web.method.support.InvocableHandlerMethod.doInvoke(InvocableHandlerMethod.java:255)
	at app//org.springframework.web.method.support.InvocableHandlerMethod.invokeForRequest(InvocableHandlerMethod.java:191)
	at app//org.springframework.web.servlet.mvc.method.annotation.ServletInvocableHandlerMethod.invokeAndHandle(ServletInvocableHandlerMethod.java:118)
	at app//org.springframework.web.servlet.mvc.method.annotation.RequestMappingHandlerAdapter.invokeHandlerMethod(RequestMappingHandlerAdapter.java:986)
	at app//org.springframework.web.servlet.mvc.method.annotation.RequestMappingHandlerAdapter.handleInternal(RequestMappingHandlerAdapter.java:891)
	at app//org.springframework.web.servlet.mvc.method.AbstractHandlerMethodAdapter.handle(AbstractHandlerMethodAdapter.java:87)
	at app//org.springframework.web.servlet.DispatcherServlet.doDispatch(DispatcherServlet.java:1089)
	at app//org.springframework.web.servlet.DispatcherServlet.doService(DispatcherServlet.java:979)
	at app//org.springframework.web.servlet.FrameworkServlet.processRequest(FrameworkServlet.java:1014)
	... 14 more
</failure>
  </testcase>
  <testcase name="should return 400 when updating room with validation error()" classname="com.puce.NakanoStay.controllers.RoomControllerTest" time="0.012">
    <failure message="jakarta.servlet.ServletException: Request processing failed: com.puce.NakanoStay.exceptions.ValidationException: El número de habitación es requerido" type="jakarta.servlet.ServletException">jakarta.servlet.ServletException: Request processing failed: com.puce.NakanoStay.exceptions.ValidationException: El número de habitación es requerido
	at app//org.springframework.web.servlet.FrameworkServlet.processRequest(FrameworkServlet.java:1022)
	at app//org.springframework.web.servlet.FrameworkServlet.doPut(FrameworkServlet.java:925)
	at app//jakarta.servlet.http.HttpServlet.service(HttpServlet.java:593)
	at app//org.springframework.web.servlet.FrameworkServlet.service(FrameworkServlet.java:885)
	at app//org.springframework.test.web.servlet.TestDispatcherServlet.service(TestDispatcherServlet.java:72)
	at app//jakarta.servlet.http.HttpServlet.service(HttpServlet.java:658)
	at app//org.springframework.mock.web.MockFilterChain$ServletFilterProxy.doFilter(MockFilterChain.java:165)
	at app//org.springframework.mock.web.MockFilterChain.doFilter(MockFilterChain.java:132)
	at app//org.springframework.test.web.servlet.MockMvc.perform(MockMvc.java:201)
	at app//org.springframework.test.web.servlet.MockHttpServletRequestDsl.perform$spring_test(MockHttpServletRequestDsl.kt:237)
	at app//org.springframework.test.web.servlet.MockMvcExtensionsKt.put(MockMvcExtensions.kt:80)
	at app//com.puce.NakanoStay.controllers.RoomControllerTest.should return 400 when updating room with validation error(RoomControllerTest.kt:359)
	at java.base@21.0.7/java.lang.reflect.Method.invoke(Method.java:580)
	at java.base@21.0.7/java.util.ArrayList.forEach(ArrayList.java:1596)
	at java.base@21.0.7/java.util.ArrayList.forEach(ArrayList.java:1596)
Caused by: com.puce.NakanoStay.exceptions.ValidationException: El número de habitación es requerido
	at app//com.puce.NakanoStay.services.RoomService.update(RoomService.kt:31)
	at app//com.puce.NakanoStay.controllers.RoomController.update(RoomController.kt:44)
	at java.base@21.0.7/jdk.internal.reflect.DirectMethodHandleAccessor.invoke(DirectMethodHandleAccessor.java:103)
	at java.base@21.0.7/java.lang.reflect.Method.invoke(Method.java:580)
	at app//kotlin.reflect.jvm.internal.calls.CallerImpl$Method.callMethod(CallerImpl.kt:97)
	at app//kotlin.reflect.jvm.internal.calls.CallerImpl$Method$Instance.call(CallerImpl.kt:113)
	at app//kotlin.reflect.jvm.internal.KCallableImpl.callDefaultMethod$kotlin_reflection(KCallableImpl.kt:207)
	at app//kotlin.reflect.jvm.internal.KCallableImpl.callBy(KCallableImpl.kt:112)
	at app//org.springframework.web.method.support.InvocableHandlerMethod$KotlinDelegate.invokeFunction(InvocableHandlerMethod.java:335)
	at app//org.springframework.web.method.support.InvocableHandlerMethod.doInvoke(InvocableHandlerMethod.java:255)
	at app//org.springframework.web.method.support.InvocableHandlerMethod.invokeForRequest(InvocableHandlerMethod.java:191)
	at app//org.springframework.web.servlet.mvc.method.annotation.ServletInvocableHandlerMethod.invokeAndHandle(ServletInvocableHandlerMethod.java:118)
	at app//org.springframework.web.servlet.mvc.method.annotation.RequestMappingHandlerAdapter.invokeHandlerMethod(RequestMappingHandlerAdapter.java:986)
	at app//org.springframework.web.servlet.mvc.method.annotation.RequestMappingHandlerAdapter.handleInternal(RequestMappingHandlerAdapter.java:891)
	at app//org.springframework.web.servlet.mvc.method.AbstractHandlerMethodAdapter.handle(AbstractHandlerMethodAdapter.java:87)
	at app//org.springframework.web.servlet.DispatcherServlet.doDispatch(DispatcherServlet.java:1089)
	at app//org.springframework.web.servlet.DispatcherServlet.doService(DispatcherServlet.java:979)
	at app//org.springframework.web.servlet.FrameworkServlet.processRequest(FrameworkServlet.java:1014)
	... 14 more
</failure>
  </testcase>
  <testcase name="should return empty list when no rooms exist()" classname="com.puce.NakanoStay.controllers.RoomControllerTest" time="0.011"/>
  <testcase name="should return all rooms when get all()" classname="com.puce.NakanoStay.controllers.RoomControllerTest" time="0.016"/>
  <testcase name="should create room when post()" classname="com.puce.NakanoStay.controllers.RoomControllerTest" time="0.016"/>
  <testcase name="should return 404 when hotel not found for room creation()" classname="com.puce.NakanoStay.controllers.RoomControllerTest" time="0.012">
    <failure message="jakarta.servlet.ServletException: Request processing failed: com.puce.NakanoStay.exceptions.NotFoundException: Hotel con id 99 no encontrado" type="jakarta.servlet.ServletException">jakarta.servlet.ServletException: Request processing failed: com.puce.NakanoStay.exceptions.NotFoundException: Hotel con id 99 no encontrado
	at app//org.springframework.web.servlet.FrameworkServlet.processRequest(FrameworkServlet.java:1022)
	at app//org.springframework.web.servlet.FrameworkServlet.doPost(FrameworkServlet.java:914)
	at app//jakarta.servlet.http.HttpServlet.service(HttpServlet.java:590)
	at app//org.springframework.web.servlet.FrameworkServlet.service(FrameworkServlet.java:885)
	at app//org.springframework.test.web.servlet.TestDispatcherServlet.service(TestDispatcherServlet.java:72)
	at app//jakarta.servlet.http.HttpServlet.service(HttpServlet.java:658)
	at app//org.springframework.mock.web.MockFilterChain$ServletFilterProxy.doFilter(MockFilterChain.java:165)
	at app//org.springframework.mock.web.MockFilterChain.doFilter(MockFilterChain.java:132)
	at app//org.springframework.test.web.servlet.MockMvc.perform(MockMvc.java:201)
	at app//org.springframework.test.web.servlet.MockHttpServletRequestDsl.perform$spring_test(MockHttpServletRequestDsl.kt:237)
	at app//org.springframework.test.web.servlet.MockMvcExtensionsKt.post(MockMvcExtensions.kt:56)
	at app//com.puce.NakanoStay.controllers.RoomControllerTest.should return 404 when hotel not found for room creation(RoomControllerTest.kt:225)
	at java.base@21.0.7/java.lang.reflect.Method.invoke(Method.java:580)
	at java.base@21.0.7/java.util.ArrayList.forEach(ArrayList.java:1596)
	at java.base@21.0.7/java.util.ArrayList.forEach(ArrayList.java:1596)
Caused by: com.puce.NakanoStay.exceptions.NotFoundException: Hotel con id 99 no encontrado
	at app//com.puce.NakanoStay.services.HotelService.getById(HotelService.kt:16)
	at app//com.puce.NakanoStay.controllers.RoomController.create(RoomController.kt:34)
	at java.base@21.0.7/jdk.internal.reflect.DirectMethodHandleAccessor.invoke(DirectMethodHandleAccessor.java:103)
	at java.base@21.0.7/java.lang.reflect.Method.invoke(Method.java:580)
	at app//kotlin.reflect.jvm.internal.calls.CallerImpl$Method.callMethod(CallerImpl.kt:97)
	at app//kotlin.reflect.jvm.internal.calls.CallerImpl$Method$Instance.call(CallerImpl.kt:113)
	at app//kotlin.reflect.jvm.internal.KCallableImpl.callDefaultMethod$kotlin_reflection(KCallableImpl.kt:207)
	at app//kotlin.reflect.jvm.internal.KCallableImpl.callBy(KCallableImpl.kt:112)
	at app//org.springframework.web.method.support.InvocableHandlerMethod$KotlinDelegate.invokeFunction(InvocableHandlerMethod.java:335)
	at app//org.springframework.web.method.support.InvocableHandlerMethod.doInvoke(InvocableHandlerMethod.java:255)
	at app//org.springframework.web.method.support.InvocableHandlerMethod.invokeForRequest(InvocableHandlerMethod.java:191)
	at app//org.springframework.web.servlet.mvc.method.annotation.ServletInvocableHandlerMethod.invokeAndHandle(ServletInvocableHandlerMethod.java:118)
	at app//org.springframework.web.servlet.mvc.method.annotation.RequestMappingHandlerAdapter.invokeHandlerMethod(RequestMappingHandlerAdapter.java:986)
	at app//org.springframework.web.servlet.mvc.method.annotation.RequestMappingHandlerAdapter.handleInternal(RequestMappingHandlerAdapter.java:891)
	at app//org.springframework.web.servlet.mvc.method.AbstractHandlerMethodAdapter.handle(AbstractHandlerMethodAdapter.java:87)
	at app//org.springframework.web.servlet.DispatcherServlet.doDispatch(DispatcherServlet.java:1089)
	at app//org.springframework.web.servlet.DispatcherServlet.doService(DispatcherServlet.java:979)
	at app//org.springframework.web.servlet.FrameworkServlet.processRequest(FrameworkServlet.java:1014)
	... 14 more
</failure>
  </testcase>
  <testcase name="should create room with null room type when post()" classname="com.puce.NakanoStay.controllers.RoomControllerTest" time="0.016"/>
  <testcase name="should delete room when delete by id()" classname="com.puce.NakanoStay.controllers.RoomControllerTest" time="0.008">
    <failure message="java.lang.AssertionError: Status expected:&lt;200&gt; but was:&lt;405&gt;" type="java.lang.AssertionError">java.lang.AssertionError: Status expected:&lt;200&gt; but was:&lt;405&gt;
	at org.springframework.test.util.AssertionErrors.fail(AssertionErrors.java:61)
	at org.springframework.test.util.AssertionErrors.assertEquals(AssertionErrors.java:128)
	at org.springframework.test.web.servlet.result.StatusResultMatchers.lambda$matcher$9(StatusResultMatchers.java:640)
	at org.springframework.test.web.servlet.MockMvc$1.andExpect(MockMvc.java:214)
	at org.springframework.test.web.servlet.result.StatusResultMatchersDsl.isOk(StatusResultMatchersDsl.kt:138)
	at com.puce.NakanoStay.controllers.RoomControllerTest$should delete room when delete by id$1$1.invoke(RoomControllerTest.kt:375)
	at com.puce.NakanoStay.controllers.RoomControllerTest$should delete room when delete by id$1$1.invoke(RoomControllerTest.kt:375)
	at org.springframework.test.web.servlet.MockMvcResultMatchersDsl.status(MockMvcResultMatchersDsl.kt:97)
	at com.puce.NakanoStay.controllers.RoomControllerTest$should delete room when delete by id$1.invoke(RoomControllerTest.kt:375)
	at com.puce.NakanoStay.controllers.RoomControllerTest$should delete room when delete by id$1.invoke(RoomControllerTest.kt:374)
	at org.springframework.test.web.servlet.ResultActionsDsl.andExpect(ResultActionsDsl.kt:18)
	at com.puce.NakanoStay.controllers.RoomControllerTest.should delete room when delete by id(RoomControllerTest.kt:374)
	at java.base/java.lang.reflect.Method.invoke(Method.java:580)
	at java.base/java.util.ArrayList.forEach(ArrayList.java:1596)
	at java.base/java.util.ArrayList.forEach(ArrayList.java:1596)
</failure>
  </testcase>
  <testcase name="should return rooms by hotel when get by hotel id()" classname="com.puce.NakanoStay.controllers.RoomControllerTest" time="0.013"/>
  <testcase name="should return 409 when create room with conflict error()" classname="com.puce.NakanoStay.controllers.RoomControllerTest" time="0.013">
    <failure message="jakarta.servlet.ServletException: Request processing failed: com.puce.NakanoStay.exceptions.ConflictException: Ya existe una habitación con el número '101' en este hotel" type="jakarta.servlet.ServletException">jakarta.servlet.ServletException: Request processing failed: com.puce.NakanoStay.exceptions.ConflictException: Ya existe una habitación con el número '101' en este hotel
	at app//org.springframework.web.servlet.FrameworkServlet.processRequest(FrameworkServlet.java:1022)
	at app//org.springframework.web.servlet.FrameworkServlet.doPost(FrameworkServlet.java:914)
	at app//jakarta.servlet.http.HttpServlet.service(HttpServlet.java:590)
	at app//org.springframework.web.servlet.FrameworkServlet.service(FrameworkServlet.java:885)
	at app//org.springframework.test.web.servlet.TestDispatcherServlet.service(TestDispatcherServlet.java:72)
	at app//jakarta.servlet.http.HttpServlet.service(HttpServlet.java:658)
	at app//org.springframework.mock.web.MockFilterChain$ServletFilterProxy.doFilter(MockFilterChain.java:165)
	at app//org.springframework.mock.web.MockFilterChain.doFilter(MockFilterChain.java:132)
	at app//org.springframework.test.web.servlet.MockMvc.perform(MockMvc.java:201)
	at app//org.springframework.test.web.servlet.MockHttpServletRequestDsl.perform$spring_test(MockHttpServletRequestDsl.kt:237)
	at app//org.springframework.test.web.servlet.MockMvcExtensionsKt.post(MockMvcExtensions.kt:56)
	at app//com.puce.NakanoStay.controllers.RoomControllerTest.should return 409 when create room with conflict error(RoomControllerTest.kt:273)
	at java.base@21.0.7/java.lang.reflect.Method.invoke(Method.java:580)
	at java.base@21.0.7/java.util.ArrayList.forEach(ArrayList.java:1596)
	at java.base@21.0.7/java.util.ArrayList.forEach(ArrayList.java:1596)
Caused by: com.puce.NakanoStay.exceptions.ConflictException: Ya existe una habitación con el número '101' en este hotel
	at app//com.puce.NakanoStay.services.RoomService.save(RoomService.kt:25)
	at app//com.puce.NakanoStay.controllers.RoomController.create(RoomController.kt:36)
	at java.base@21.0.7/jdk.internal.reflect.DirectMethodHandleAccessor.invoke(DirectMethodHandleAccessor.java:103)
	at java.base@21.0.7/java.lang.reflect.Method.invoke(Method.java:580)
	at app//kotlin.reflect.jvm.internal.calls.CallerImpl$Method.callMethod(CallerImpl.kt:97)
	at app//kotlin.reflect.jvm.internal.calls.CallerImpl$Method$Instance.call(CallerImpl.kt:113)
	at app//kotlin.reflect.jvm.internal.KCallableImpl.callDefaultMethod$kotlin_reflection(KCallableImpl.kt:207)
	at app//kotlin.reflect.jvm.internal.KCallableImpl.callBy(KCallableImpl.kt:112)
	at app//org.springframework.web.method.support.InvocableHandlerMethod$KotlinDelegate.invokeFunction(InvocableHandlerMethod.java:335)
	at app//org.springframework.web.method.support.InvocableHandlerMethod.doInvoke(InvocableHandlerMethod.java:255)
	at app//org.springframework.web.method.support.InvocableHandlerMethod.invokeForRequest(InvocableHandlerMethod.java:191)
	at app//org.springframework.web.servlet.mvc.method.annotation.ServletInvocableHandlerMethod.invokeAndHandle(ServletInvocableHandlerMethod.java:118)
	at app//org.springframework.web.servlet.mvc.method.annotation.RequestMappingHandlerAdapter.invokeHandlerMethod(RequestMappingHandlerAdapter.java:986)
	at app//org.springframework.web.servlet.mvc.method.annotation.RequestMappingHandlerAdapter.handleInternal(RequestMappingHandlerAdapter.java:891)
	at app//org.springframework.web.servlet.mvc.method.AbstractHandlerMethodAdapter.handle(AbstractHandlerMethodAdapter.java:87)
	at app//org.springframework.web.servlet.DispatcherServlet.doDispatch(DispatcherServlet.java:1089)
	at app//org.springframework.web.servlet.DispatcherServlet.doService(DispatcherServlet.java:979)
	at app//org.springframework.web.servlet.FrameworkServlet.processRequest(FrameworkServlet.java:1014)
	... 14 more
</failure>
  </testcase>
  <testcase name="should return 404 when updating non-existent room()" classname="com.puce.NakanoStay.controllers.RoomControllerTest" time="0.012">
    <failure message="jakarta.servlet.ServletException: Request processing failed: com.puce.NakanoStay.exceptions.NotFoundException: Habitación con id 99 no encontrada" type="jakarta.servlet.ServletException">jakarta.servlet.ServletException: Request processing failed: com.puce.NakanoStay.exceptions.NotFoundException: Habitación con id 99 no encontrada
	at app//org.springframework.web.servlet.FrameworkServlet.processRequest(FrameworkServlet.java:1022)
	at app//org.springframework.web.servlet.FrameworkServlet.doPut(FrameworkServlet.java:925)
	at app//jakarta.servlet.http.HttpServlet.service(HttpServlet.java:593)
	at app//org.springframework.web.servlet.FrameworkServlet.service(FrameworkServlet.java:885)
	at app//org.springframework.test.web.servlet.TestDispatcherServlet.service(TestDispatcherServlet.java:72)
	at app//jakarta.servlet.http.HttpServlet.service(HttpServlet.java:658)
	at app//org.springframework.mock.web.MockFilterChain$ServletFilterProxy.doFilter(MockFilterChain.java:165)
	at app//org.springframework.mock.web.MockFilterChain.doFilter(MockFilterChain.java:132)
	at app//org.springframework.test.web.servlet.MockMvc.perform(MockMvc.java:201)
	at app//org.springframework.test.web.servlet.MockHttpServletRequestDsl.perform$spring_test(MockHttpServletRequestDsl.kt:237)
	at app//org.springframework.test.web.servlet.MockMvcExtensionsKt.put(MockMvcExtensions.kt:80)
	at app//com.puce.NakanoStay.controllers.RoomControllerTest.should return 404 when updating non-existent room(RoomControllerTest.kt:333)
	at java.base@21.0.7/java.lang.reflect.Method.invoke(Method.java:580)
	at java.base@21.0.7/java.util.ArrayList.forEach(ArrayList.java:1596)
	at java.base@21.0.7/java.util.ArrayList.forEach(ArrayList.java:1596)
Caused by: com.puce.NakanoStay.exceptions.NotFoundException: Habitación con id 99 no encontrada
	at app//com.puce.NakanoStay.services.RoomService.update(RoomService.kt:31)
	at app//com.puce.NakanoStay.controllers.RoomController.update(RoomController.kt:44)
	at java.base@21.0.7/jdk.internal.reflect.DirectMethodHandleAccessor.invoke(DirectMethodHandleAccessor.java:103)
	at java.base@21.0.7/java.lang.reflect.Method.invoke(Method.java:580)
	at app//kotlin.reflect.jvm.internal.calls.CallerImpl$Method.callMethod(CallerImpl.kt:97)
	at app//kotlin.reflect.jvm.internal.calls.CallerImpl$Method$Instance.call(CallerImpl.kt:113)
	at app//kotlin.reflect.jvm.internal.KCallableImpl.callDefaultMethod$kotlin_reflection(KCallableImpl.kt:207)
	at app//kotlin.reflect.jvm.internal.KCallableImpl.callBy(KCallableImpl.kt:112)
	at app//org.springframework.web.method.support.InvocableHandlerMethod$KotlinDelegate.invokeFunction(InvocableHandlerMethod.java:335)
	at app//org.springframework.web.method.support.InvocableHandlerMethod.doInvoke(InvocableHandlerMethod.java:255)
	at app//org.springframework.web.method.support.InvocableHandlerMethod.invokeForRequest(InvocableHandlerMethod.java:191)
	at app//org.springframework.web.servlet.mvc.method.annotation.ServletInvocableHandlerMethod.invokeAndHandle(ServletInvocableHandlerMethod.java:118)
	at app//org.springframework.web.servlet.mvc.method.annotation.RequestMappingHandlerAdapter.invokeHandlerMethod(RequestMappingHandlerAdapter.java:986)
	at app//org.springframework.web.servlet.mvc.method.annotation.RequestMappingHandlerAdapter.handleInternal(RequestMappingHandlerAdapter.java:891)
	at app//org.springframework.web.servlet.mvc.method.AbstractHandlerMethodAdapter.handle(AbstractHandlerMethodAdapter.java:87)
	at app//org.springframework.web.servlet.DispatcherServlet.doDispatch(DispatcherServlet.java:1089)
	at app//org.springframework.web.servlet.DispatcherServlet.doService(DispatcherServlet.java:979)
	at app//org.springframework.web.servlet.FrameworkServlet.processRequest(FrameworkServlet.java:1014)
	... 14 more
</failure>
  </testcase>
  <system-out><![CDATA[2025-08-13T14:56:09.786-05:00  INFO 2772 --- [NakanoStay] [    Test worker] t.c.s.AnnotationConfigContextLoaderUtils : Could not detect default configuration classes for test class [com.puce.NakanoStay.controllers.RoomControllerTest]: RoomControllerTest does not declare any static, non-private, non-final, nested classes annotated with @Configuration.
2025-08-13T14:56:09.827-05:00  INFO 2772 --- [NakanoStay] [    Test worker] o.s.mock.web.MockServletContext          : Initializing Spring TestDispatcherServlet ''
2025-08-13T14:56:09.827-05:00  INFO 2772 --- [NakanoStay] [    Test worker] o.s.t.web.servlet.TestDispatcherServlet  : Initializing Servlet ''
2025-08-13T14:56:09.827-05:00  INFO 2772 --- [NakanoStay] [    Test worker] o.s.t.web.servlet.TestDispatcherServlet  : Completed initialization in 0 ms
2025-08-13T14:56:09.868-05:00  INFO 2772 --- [NakanoStay] [    Test worker] o.s.mock.web.MockServletContext          : Initializing Spring TestDispatcherServlet ''
2025-08-13T14:56:09.868-05:00  INFO 2772 --- [NakanoStay] [    Test worker] o.s.t.web.servlet.TestDispatcherServlet  : Initializing Servlet ''
2025-08-13T14:56:09.868-05:00  INFO 2772 --- [NakanoStay] [    Test worker] o.s.t.web.servlet.TestDispatcherServlet  : Completed initialization in 0 ms
2025-08-13T14:56:09.873-05:00  WARN 2772 --- [NakanoStay] [    Test worker] .w.s.m.s.DefaultHandlerExceptionResolver : Resolved [org.springframework.web.HttpRequestMethodNotSupportedException: Request method 'DELETE' is not supported]
2025-08-13T14:56:09.882-05:00  INFO 2772 --- [NakanoStay] [    Test worker] o.s.mock.web.MockServletContext          : Initializing Spring TestDispatcherServlet ''
2025-08-13T14:56:09.882-05:00  INFO 2772 --- [NakanoStay] [    Test worker] o.s.t.web.servlet.TestDispatcherServlet  : Initializing Servlet ''
2025-08-13T14:56:09.882-05:00  INFO 2772 --- [NakanoStay] [    Test worker] o.s.t.web.servlet.TestDispatcherServlet  : Completed initialization in 0 ms
2025-08-13T14:56:09.893-05:00  INFO 2772 --- [NakanoStay] [    Test worker] o.s.mock.web.MockServletContext          : Initializing Spring TestDispatcherServlet ''
2025-08-13T14:56:09.893-05:00  INFO 2772 --- [NakanoStay] [    Test worker] o.s.t.web.servlet.TestDispatcherServlet  : Initializing Servlet ''
2025-08-13T14:56:09.894-05:00  INFO 2772 --- [NakanoStay] [    Test worker] o.s.t.web.servlet.TestDispatcherServlet  : Completed initialization in 1 ms
2025-08-13T14:56:09.905-05:00  INFO 2772 --- [NakanoStay] [    Test worker] o.s.mock.web.MockServletContext          : Initializing Spring TestDispatcherServlet ''
2025-08-13T14:56:09.905-05:00  INFO 2772 --- [NakanoStay] [    Test worker] o.s.t.web.servlet.TestDispatcherServlet  : Initializing Servlet ''
2025-08-13T14:56:09.907-05:00  INFO 2772 --- [NakanoStay] [    Test worker] o.s.t.web.servlet.TestDispatcherServlet  : Completed initialization in 0 ms
2025-08-13T14:56:09.920-05:00  INFO 2772 --- [NakanoStay] [    Test worker] o.s.mock.web.MockServletContext          : Initializing Spring TestDispatcherServlet ''
2025-08-13T14:56:09.920-05:00  INFO 2772 --- [NakanoStay] [    Test worker] o.s.t.web.servlet.TestDispatcherServlet  : Initializing Servlet ''
2025-08-13T14:56:09.920-05:00  INFO 2772 --- [NakanoStay] [    Test worker] o.s.t.web.servlet.TestDispatcherServlet  : Completed initialization in 0 ms
2025-08-13T14:56:09.932-05:00  INFO 2772 --- [NakanoStay] [    Test worker] o.s.mock.web.MockServletContext          : Initializing Spring TestDispatcherServlet ''
2025-08-13T14:56:09.932-05:00  INFO 2772 --- [NakanoStay] [    Test worker] o.s.t.web.servlet.TestDispatcherServlet  : Initializing Servlet ''
2025-08-13T14:56:09.932-05:00  INFO 2772 --- [NakanoStay] [    Test worker] o.s.t.web.servlet.TestDispatcherServlet  : Completed initialization in 0 ms
2025-08-13T14:56:09.948-05:00  INFO 2772 --- [NakanoStay] [    Test worker] o.s.mock.web.MockServletContext          : Initializing Spring TestDispatcherServlet ''
2025-08-13T14:56:09.948-05:00  INFO 2772 --- [NakanoStay] [    Test worker] o.s.t.web.servlet.TestDispatcherServlet  : Initializing Servlet ''
2025-08-13T14:56:09.949-05:00  INFO 2772 --- [NakanoStay] [    Test worker] o.s.t.web.servlet.TestDispatcherServlet  : Completed initialization in 1 ms
2025-08-13T14:56:09.965-05:00  INFO 2772 --- [NakanoStay] [    Test worker] o.s.mock.web.MockServletContext          : Initializing Spring TestDispatcherServlet ''
2025-08-13T14:56:09.965-05:00  INFO 2772 --- [NakanoStay] [    Test worker] o.s.t.web.servlet.TestDispatcherServlet  : Initializing Servlet ''
2025-08-13T14:56:09.965-05:00  INFO 2772 --- [NakanoStay] [    Test worker] o.s.t.web.servlet.TestDispatcherServlet  : Completed initialization in 0 ms
2025-08-13T14:56:09.978-05:00  INFO 2772 --- [NakanoStay] [    Test worker] o.s.mock.web.MockServletContext          : Initializing Spring TestDispatcherServlet ''
2025-08-13T14:56:09.978-05:00  INFO 2772 --- [NakanoStay] [    Test worker] o.s.t.web.servlet.TestDispatcherServlet  : Initializing Servlet ''
2025-08-13T14:56:09.978-05:00  INFO 2772 --- [NakanoStay] [    Test worker] o.s.t.web.servlet.TestDispatcherServlet  : Completed initialization in 0 ms
2025-08-13T14:56:09.995-05:00  INFO 2772 --- [NakanoStay] [    Test worker] o.s.mock.web.MockServletContext          : Initializing Spring TestDispatcherServlet ''
2025-08-13T14:56:09.996-05:00  INFO 2772 --- [NakanoStay] [    Test worker] o.s.t.web.servlet.TestDispatcherServlet  : Initializing Servlet ''
2025-08-13T14:56:09.996-05:00  INFO 2772 --- [NakanoStay] [    Test worker] o.s.t.web.servlet.TestDispatcherServlet  : Completed initialization in 0 ms
2025-08-13T14:56:09.997-05:00  WARN 2772 --- [NakanoStay] [    Test worker] .w.s.m.s.DefaultHandlerExceptionResolver : Resolved [org.springframework.web.HttpRequestMethodNotSupportedException: Request method 'DELETE' is not supported]
2025-08-13T14:56:10.004-05:00  INFO 2772 --- [NakanoStay] [    Test worker] o.s.mock.web.MockServletContext          : Initializing Spring TestDispatcherServlet ''
2025-08-13T14:56:10.004-05:00  INFO 2772 --- [NakanoStay] [    Test worker] o.s.t.web.servlet.TestDispatcherServlet  : Initializing Servlet ''
2025-08-13T14:56:10.004-05:00  INFO 2772 --- [NakanoStay] [    Test worker] o.s.t.web.servlet.TestDispatcherServlet  : Completed initialization in 0 ms
2025-08-13T14:56:10.018-05:00  INFO 2772 --- [NakanoStay] [    Test worker] o.s.mock.web.MockServletContext          : Initializing Spring TestDispatcherServlet ''
2025-08-13T14:56:10.018-05:00  INFO 2772 --- [NakanoStay] [    Test worker] o.s.t.web.servlet.TestDispatcherServlet  : Initializing Servlet ''
2025-08-13T14:56:10.018-05:00  INFO 2772 --- [NakanoStay] [    Test worker] o.s.t.web.servlet.TestDispatcherServlet  : Completed initialization in 0 ms
2025-08-13T14:56:10.032-05:00  INFO 2772 --- [NakanoStay] [    Test worker] o.s.mock.web.MockServletContext          : Initializing Spring TestDispatcherServlet ''
2025-08-13T14:56:10.032-05:00  INFO 2772 --- [NakanoStay] [    Test worker] o.s.t.web.servlet.TestDispatcherServlet  : Initializing Servlet ''
2025-08-13T14:56:10.032-05:00  INFO 2772 --- [NakanoStay] [    Test worker] o.s.t.web.servlet.TestDispatcherServlet  : Completed initialization in 0 ms
]]></system-out>
  <system-err><![CDATA[]]></system-err>
</testsuite>
