<?xml version="1.0" encoding="UTF-8"?>
<testsuite name="com.puce.NakanoStay.services.UserServiceTest" tests="6" skipped="0" failures="0" errors="0" timestamp="2025-06-23T18:23:25.953Z" hostname="jeremy-hp" time="4.261">
  <properties/>
  <testcase name="should return all users()" classname="com.puce.NakanoStay.services.UserServiceTest" time="4.125"/>
  <testcase name="should get a user by id()" classname="com.puce.NakanoStay.services.UserServiceTest" time="0.035"/>
  <testcase name="should throw NotFoundException when deleting non-existent user()" classname="com.puce.NakanoStay.services.UserServiceTest" time="0.056"/>
  <testcase name="should save a user()" classname="com.puce.NakanoStay.services.UserServiceTest" time="0.019"/>
  <testcase name="should throw NotFoundException when user not found by id()" classname="com.puce.NakanoStay.services.UserServiceTest" time="0.004"/>
  <testcase name="should delete a user by id()" classname="com.puce.NakanoStay.services.UserServiceTest" time="0.011"/>
  <system-out><![CDATA[]]></system-out>
  <system-err><![CDATA[Mockito is currently self-attaching to enable the inline-mock-maker. This will no longer work in future releases of the JDK. Please add Mockito as an agent to your build as described in Mockito's documentation: https://javadoc.io/doc/org.mockito/mockito-core/latest/org.mockito/org/mockito/Mockito.html#0.3
WARNING: A Java agent has been loaded dynamically (/home/jeremy-nakano/.gradle/caches/modules-2/files-2.1/net.bytebuddy/byte-buddy-agent/1.17.5/58f9507f5f28d1d3e7adfb4ec2fe37c29d332c9b/byte-buddy-agent-1.17.5.jar)
WARNING: If a serviceability tool is in use, please run with -XX:+EnableDynamicAgentLoading to hide this warning
WARNING: If a serviceability tool is not in use, please run with -Djdk.instrument.traceUsage for more information
WARNING: Dynamic loading of agents will be disallowed by default in a future release
]]></system-err>
</testsuite>
