<?xml version="1.0" encoding="UTF-8"?>
<testsuite name="com.puce.NakanoStay.controllers.RoomControllerTest" tests="21" skipped="0" failures="0" errors="0" timestamp="2025-08-14T00:39:01.433Z" hostname="JEREMYNAKANO" time="0.174">
  <properties/>
  <testcase name="should return 500 when unexpected error occurs()" classname="com.puce.NakanoStay.controllers.RoomControllerTest" time="0.011"/>
  <testcase name="should update room when put()" classname="com.puce.NakanoStay.controllers.RoomControllerTest" time="0.029"/>
  <testcase name="should return 404 when making non-existent room unavailable()" classname="com.puce.NakanoStay.controllers.RoomControllerTest" time="0.005"/>
  <testcase name="should return 404 when deleting non-existent room()" classname="com.puce.NakanoStay.controllers.RoomControllerTest" time="0.006"/>
  <testcase name="should return 409 when making already unavailable room unavailable()" classname="com.puce.NakanoStay.controllers.RoomControllerTest" time="0.006"/>
  <testcase name="should return empty list when hotel has no rooms()" classname="com.puce.NakanoStay.controllers.RoomControllerTest" time="0.007"/>
  <testcase name="should return 409 when making already available room available()" classname="com.puce.NakanoStay.controllers.RoomControllerTest" time="0.006"/>
  <testcase name="should make room available when put available()" classname="com.puce.NakanoStay.controllers.RoomControllerTest" time="0.005"/>
  <testcase name="should return 400 when create room with validation error()" classname="com.puce.NakanoStay.controllers.RoomControllerTest" time="0.008"/>
  <testcase name="should return 400 when updating room with validation error()" classname="com.puce.NakanoStay.controllers.RoomControllerTest" time="0.008"/>
  <testcase name="should return empty list when no rooms exist()" classname="com.puce.NakanoStay.controllers.RoomControllerTest" time="0.005"/>
  <testcase name="should return 404 when making non-existent room available()" classname="com.puce.NakanoStay.controllers.RoomControllerTest" time="0.005"/>
  <testcase name="should return all rooms when get all()" classname="com.puce.NakanoStay.controllers.RoomControllerTest" time="0.008"/>
  <testcase name="should create room when post()" classname="com.puce.NakanoStay.controllers.RoomControllerTest" time="0.009"/>
  <testcase name="should return 404 when hotel not found for room creation()" classname="com.puce.NakanoStay.controllers.RoomControllerTest" time="0.007"/>
  <testcase name="should create room with null room type when post()" classname="com.puce.NakanoStay.controllers.RoomControllerTest" time="0.008"/>
  <testcase name="should delete room when delete by id()" classname="com.puce.NakanoStay.controllers.RoomControllerTest" time="0.004"/>
  <testcase name="should return rooms by hotel when get by hotel id()" classname="com.puce.NakanoStay.controllers.RoomControllerTest" time="0.007"/>
  <testcase name="should return 409 when create room with conflict error()" classname="com.puce.NakanoStay.controllers.RoomControllerTest" time="0.007"/>
  <testcase name="should make room unavailable when put unavailable()" classname="com.puce.NakanoStay.controllers.RoomControllerTest" time="0.005"/>
  <testcase name="should return 404 when updating non-existent room()" classname="com.puce.NakanoStay.controllers.RoomControllerTest" time="0.007"/>
  <system-out><![CDATA[2025-08-13T19:39:01.243-05:00  INFO 9432 --- [NakanoStay] [    Test worker] t.c.s.AnnotationConfigContextLoaderUtils : Could not detect default configuration classes for test class [com.puce.NakanoStay.controllers.RoomControllerTest]: RoomControllerTest does not declare any static, non-private, non-final, nested classes annotated with @Configuration.
2025-08-13T19:39:01.249-05:00  INFO 9432 --- [NakanoStay] [    Test worker] .b.t.c.SpringBootTestContextBootstrapper : Found @SpringBootConfiguration com.puce.NakanoStay.NakanoStayApplication for test class com.puce.NakanoStay.controllers.RoomControllerTest

  .   ____          _            __ _ _
 /\\ / ___'_ __ _ _(_)_ __  __ _ \ \ \ \
( ( )\___ | '_ | '_| | '_ \/ _` | \ \ \ \
 \\/  ___)| |_)| | | | | || (_| |  ) ) ) )
  '  |____| .__|_| |_|_| |_\__, | / / / /
 =========|_|==============|___/=/_/_/_/

 :: Spring Boot ::                (v3.5.0)

2025-08-13T19:39:01.271-05:00  INFO 9432 --- [NakanoStay] [    Test worker] c.p.N.controllers.RoomControllerTest     : Starting RoomControllerTest using Java 21.0.7 with PID 9432 (started by Jeremy in C:\Users\Jeremy\OneDrive\Documentos\Programming\Spring\NakanoStay)
2025-08-13T19:39:01.271-05:00  INFO 9432 --- [NakanoStay] [    Test worker] c.p.N.controllers.RoomControllerTest     : No active profile set, falling back to 1 default profile: "default"
2025-08-13T19:39:01.428-05:00  INFO 9432 --- [NakanoStay] [    Test worker] o.s.b.t.m.w.SpringBootMockServletContext : Initializing Spring TestDispatcherServlet ''
2025-08-13T19:39:01.429-05:00  INFO 9432 --- [NakanoStay] [    Test worker] o.s.t.web.servlet.TestDispatcherServlet  : Initializing Servlet ''
2025-08-13T19:39:01.429-05:00  INFO 9432 --- [NakanoStay] [    Test worker] o.s.t.web.servlet.TestDispatcherServlet  : Completed initialization in 0 ms
2025-08-13T19:39:01.432-05:00  INFO 9432 --- [NakanoStay] [    Test worker] c.p.N.controllers.RoomControllerTest     : Started RoomControllerTest in 0.18 seconds (process running for 10.914)
]]></system-out>
  <system-err><![CDATA[]]></system-err>
</testsuite>
