<?xml version="1.0" encoding="UTF-8"?>
<testsuite name="com.puce.NakanoStay.NakanoStayApplicationTests" tests="1" skipped="0" failures="0" errors="0" timestamp="2025-08-18T02:10:26.863Z" hostname="JEREMYNAKANO" time="0.306">
  <properties/>
  <testcase name="contextLoads()" classname="com.puce.NakanoStay.NakanoStayApplicationTests" time="0.306"/>
  <system-out><![CDATA[21:10:19.508 [Test worker] INFO org.springframework.test.context.support.AnnotationConfigContextLoaderUtils -- Could not detect default configuration classes for test class [com.puce.NakanoStay.NakanoStayApplicationTests]: NakanoStayApplicationTests does not declare any static, non-private, non-final, nested classes annotated with @Configuration.
21:10:19.662 [Test worker] INFO org.springframework.boot.test.context.SpringBootTestContextBootstrapper -- Found @SpringBootConfiguration com.puce.NakanoStay.NakanoStayApplication for test class com.puce.NakanoStay.NakanoStayApplicationTests

  .   ____          _            __ _ _
 /\\ / ___'_ __ _ _(_)_ __  __ _ \ \ \ \
( ( )\___ | '_ | '_| | '_ \/ _` | \ \ \ \
 \\/  ___)| |_)| | | | | || (_| |  ) ) ) )
  '  |____| .__|_| |_|_| |_\__, | / / / /
 =========|_|==============|___/=/_/_/_/

 :: Spring Boot ::                (v3.5.0)

2025-08-17T21:10:20.356-05:00  INFO 23228 --- [NakanoStay] [    Test worker] c.p.N.NakanoStayApplicationTests         : Starting NakanoStayApplicationTests using Java 21.0.7 with PID 23228 (started by Jeremy in C:\Users\Jeremy\OneDrive\Documentos\Programming\Spring\NakanoStay)
2025-08-17T21:10:20.358-05:00  INFO 23228 --- [NakanoStay] [    Test worker] c.p.N.NakanoStayApplicationTests         : The following 1 profile is active: "test"
2025-08-17T21:10:21.696-05:00  INFO 23228 --- [NakanoStay] [    Test worker] .s.d.r.c.RepositoryConfigurationDelegate : Bootstrapping Spring Data JPA repositories in DEFAULT mode.
2025-08-17T21:10:21.782-05:00  INFO 23228 --- [NakanoStay] [    Test worker] .s.d.r.c.RepositoryConfigurationDelegate : Finished Spring Data repository scanning in 72 ms. Found 4 JPA repository interfaces.
2025-08-17T21:10:22.293-05:00  INFO 23228 --- [NakanoStay] [    Test worker] o.hibernate.jpa.internal.util.LogHelper  : HHH000204: Processing PersistenceUnitInfo [name: default]
2025-08-17T21:10:22.373-05:00  INFO 23228 --- [NakanoStay] [    Test worker] org.hibernate.Version                    : HHH000412: Hibernate ORM core version 6.6.15.Final
2025-08-17T21:10:22.418-05:00  INFO 23228 --- [NakanoStay] [    Test worker] o.h.c.internal.RegionFactoryInitiator    : HHH000026: Second-level cache disabled
2025-08-17T21:10:22.800-05:00  INFO 23228 --- [NakanoStay] [    Test worker] o.s.o.j.p.SpringPersistenceUnitInfo      : No LoadTimeWeaver setup: ignoring JPA class transformer
2025-08-17T21:10:22.840-05:00  INFO 23228 --- [NakanoStay] [    Test worker] com.zaxxer.hikari.HikariDataSource       : HikariPool-1 - Starting...
2025-08-17T21:10:23.193-05:00  INFO 23228 --- [NakanoStay] [    Test worker] com.zaxxer.hikari.pool.HikariPool        : HikariPool-1 - Added connection conn0: url=jdbc:h2:mem:testdb user=SA
2025-08-17T21:10:23.195-05:00  INFO 23228 --- [NakanoStay] [    Test worker] com.zaxxer.hikari.HikariDataSource       : HikariPool-1 - Start completed.
2025-08-17T21:10:23.232-05:00  WARN 23228 --- [NakanoStay] [    Test worker] org.hibernate.orm.deprecation            : HHH90000025: H2Dialect does not need to be specified explicitly using 'hibernate.dialect' (remove the property setting and it will be selected by default)
2025-08-17T21:10:23.257-05:00  INFO 23228 --- [NakanoStay] [    Test worker] org.hibernate.orm.connections.pooling    : HHH10001005: Database info:
	Database JDBC URL [Connecting through datasource 'HikariDataSource (HikariPool-1)']
	Database driver: undefined/unknown
	Database version: 2.3.232
	Autocommit mode: undefined/unknown
	Isolation level: undefined/unknown
	Minimum pool size: undefined/unknown
	Maximum pool size: undefined/unknown
2025-08-17T21:10:24.439-05:00  INFO 23228 --- [NakanoStay] [    Test worker] o.h.e.t.j.p.i.JtaPlatformInitiator       : HHH000489: No JTA platform available (set 'hibernate.transaction.jta.platform' to enable JTA platform integration)
Hibernate: drop table if exists booking cascade 
Hibernate: drop table if exists booking_details cascade 
Hibernate: drop table if exists hotels cascade 
Hibernate: drop table if exists rooms cascade 
Hibernate: create table booking (check_in date not null, check_out date not null, booking_date timestamp(6), created_at timestamp(6) not null, id bigint generated by default as identity, updated_at timestamp(6) not null, guest_dni varchar(10) not null, booking_code varchar(16) not null unique, guest_phone varchar(20), guest_email varchar(100) not null, guest_name varchar(100) not null, status enum ('CANCELLED','COMPLETED','CONFIRMED','PENDING') not null, primary key (id))
Hibernate: create table booking_details (guests integer not null, price_at_booking numeric(10,2) not null, booking_id bigint not null, created_at timestamp(6) not null, id bigint generated by default as identity, room_id bigint not null, updated_at timestamp(6) not null, primary key (id))
Hibernate: create table hotels (stars integer, created_at timestamp(6) not null, id bigint generated by default as identity, updated_at timestamp(6) not null, city varchar(100), email varchar(100) not null unique, name varchar(100) not null, address TEXT not null, primary key (id))
Hibernate: create table rooms (is_available boolean, price_per_night numeric(10,2) not null, created_at timestamp(6) not null, hotel_id bigint not null, id bigint generated by default as identity, updated_at timestamp(6) not null, room_number varchar(10) not null, room_type varchar(50), primary key (id), unique (hotel_id, room_number))
Hibernate: alter table if exists booking_details add constraint FKdi4hhcv3pwr6b14qfhf9gahex foreign key (booking_id) references booking
Hibernate: alter table if exists booking_details add constraint FK8pcpg1hs4kqwqcvq79i1esg5 foreign key (room_id) references rooms
Hibernate: alter table if exists rooms add constraint FKp5lufxy0ghq53ugm93hdc941k foreign key (hotel_id) references hotels
2025-08-17T21:10:24.517-05:00  INFO 23228 --- [NakanoStay] [    Test worker] j.LocalContainerEntityManagerFactoryBean : Initialized JPA EntityManagerFactory for persistence unit 'default'
2025-08-17T21:10:25.073-05:00  INFO 23228 --- [NakanoStay] [    Test worker] o.s.d.j.r.query.QueryEnhancerFactory     : Hibernate is in classpath; If applicable, HQL parser will be used.
2025-08-17T21:10:26.194-05:00  WARN 23228 --- [NakanoStay] [    Test worker] JpaBaseConfiguration$JpaWebConfiguration : spring.jpa.open-in-view is enabled by default. Therefore, database queries may be performed during view rendering. Explicitly configure spring.jpa.open-in-view to disable this warning
2025-08-17T21:10:26.432-05:00  WARN 23228 --- [NakanoStay] [    Test worker] .s.s.UserDetailsServiceAutoConfiguration : 

Using generated security password: 3e63449f-d14c-4c50-aba2-d0e8d31a1b8c

This generated password is for development use only. Your security configuration must be updated before running your application in production.

2025-08-17T21:10:26.445-05:00  INFO 23228 --- [NakanoStay] [    Test worker] r$InitializeUserDetailsManagerConfigurer : Global AuthenticationManager configured with UserDetailsService bean with name inMemoryUserDetailsManager
2025-08-17T21:10:26.784-05:00  INFO 23228 --- [NakanoStay] [    Test worker] o.s.b.a.h2.H2ConsoleAutoConfiguration    : H2 console available at '/h2-console'. Database available at 'jdbc:h2:mem:testdb'
2025-08-17T21:10:26.843-05:00  INFO 23228 --- [NakanoStay] [    Test worker] c.p.N.NakanoStayApplicationTests         : Started NakanoStayApplicationTests in 6.961 seconds (process running for 8.587)
]]></system-out>
  <system-err><![CDATA[Mockito is currently self-attaching to enable the inline-mock-maker. This will no longer work in future releases of the JDK. Please add Mockito as an agent to your build as described in Mockito's documentation: https://javadoc.io/doc/org.mockito/mockito-core/latest/org.mockito/org/mockito/Mockito.html#0.3
WARNING: A Java agent has been loaded dynamically (C:\Users\Jeremy\.gradle\caches\modules-2\files-2.1\net.bytebuddy\byte-buddy-agent\1.17.5\58f9507f5f28d1d3e7adfb4ec2fe37c29d332c9b\byte-buddy-agent-1.17.5.jar)
WARNING: If a serviceability tool is in use, please run with -XX:+EnableDynamicAgentLoading to hide this warning
WARNING: If a serviceability tool is not in use, please run with -Djdk.instrument.traceUsage for more information
WARNING: Dynamic loading of agents will be disallowed by default in a future release
]]></system-err>
</testsuite>
