<?xml version="1.0" encoding="UTF-8"?>
<testsuite name="com.puce.NakanoStay.services.UserServiceTest" tests="6" skipped="0" failures="0" errors="0" timestamp="2025-08-13T00:22:41.542Z" hostname="JEREMYNAKANO" time="0.05">
  <properties/>
  <testcase name="should return all users()" classname="com.puce.NakanoStay.services.UserServiceTest" time="0.041"/>
  <testcase name="should get a user by id()" classname="com.puce.NakanoStay.services.UserServiceTest" time="0.001"/>
  <testcase name="should throw NotFoundException when deleting non-existent user()" classname="com.puce.NakanoStay.services.UserServiceTest" time="0.002"/>
  <testcase name="should save a user()" classname="com.puce.NakanoStay.services.UserServiceTest" time="0.001"/>
  <testcase name="should throw NotFoundException when user not found by id()" classname="com.puce.NakanoStay.services.UserServiceTest" time="0.002"/>
  <testcase name="should delete a user by id()" classname="com.puce.NakanoStay.services.UserServiceTest" time="0.001"/>
  <system-out><![CDATA[]]></system-out>
  <system-err><![CDATA[]]></system-err>
</testsuite>
