<?xml version="1.0" encoding="UTF-8"?>
<testsuite name="com.puce.NakanoStay.controllers.RoomControllerTest" tests="5" skipped="0" failures="0" errors="0" timestamp="2025-08-13T00:22:40.549Z" hostname="JEREMYNAKANO" time="0.071">
  <properties/>
  <testcase name="should return all rooms when get all()" classname="com.puce.NakanoStay.controllers.RoomControllerTest" time="0.022"/>
  <testcase name="should create room when post()" classname="com.puce.NakanoStay.controllers.RoomControllerTest" time="0.022"/>
  <testcase name="should return 404 when hotel not found for room creation()" classname="com.puce.NakanoStay.controllers.RoomControllerTest" time="0.01"/>
  <testcase name="should delete room when delete by id()" classname="com.puce.NakanoStay.controllers.RoomControllerTest" time="0.007"/>
  <testcase name="should return rooms by hotel when get by hotel id()" classname="com.puce.NakanoStay.controllers.RoomControllerTest" time="0.008"/>
  <system-out><![CDATA[2025-08-12T19:22:40.371-05:00  INFO 8120 --- [NakanoStay] [    Test worker] t.c.s.AnnotationConfigContextLoaderUtils : Could not detect default configuration classes for test class [com.puce.NakanoStay.controllers.RoomControllerTest]: RoomControllerTest does not declare any static, non-private, non-final, nested classes annotated with @Configuration.
2025-08-12T19:22:40.376-05:00  INFO 8120 --- [NakanoStay] [    Test worker] .b.t.c.SpringBootTestContextBootstrapper : Found @SpringBootConfiguration com.puce.NakanoStay.NakanoStayApplication for test class com.puce.NakanoStay.controllers.RoomControllerTest

  .   ____          _            __ _ _
 /\\ / ___'_ __ _ _(_)_ __  __ _ \ \ \ \
( ( )\___ | '_ | '_| | '_ \/ _` | \ \ \ \
 \\/  ___)| |_)| | | | | || (_| |  ) ) ) )
  '  |____| .__|_| |_|_| |_\__, | / / / /
 =========|_|==============|___/=/_/_/_/

 :: Spring Boot ::                (v3.5.0)

2025-08-12T19:22:40.397-05:00  INFO 8120 --- [NakanoStay] [    Test worker] c.p.N.controllers.RoomControllerTest     : Starting RoomControllerTest using Java 21.0.7 with PID 8120 (started by Jeremy in C:\Users\Jeremy\OneDrive\Documentos\Programming\Spring\NakanoStay)
2025-08-12T19:22:40.397-05:00  INFO 8120 --- [NakanoStay] [    Test worker] c.p.N.controllers.RoomControllerTest     : No active profile set, falling back to 1 default profile: "default"
2025-08-12T19:22:40.545-05:00  INFO 8120 --- [NakanoStay] [    Test worker] o.s.b.t.m.w.SpringBootMockServletContext : Initializing Spring TestDispatcherServlet ''
2025-08-12T19:22:40.545-05:00  INFO 8120 --- [NakanoStay] [    Test worker] o.s.t.web.servlet.TestDispatcherServlet  : Initializing Servlet ''
2025-08-12T19:22:40.545-05:00  INFO 8120 --- [NakanoStay] [    Test worker] o.s.t.web.servlet.TestDispatcherServlet  : Completed initialization in 0 ms
2025-08-12T19:22:40.548-05:00  INFO 8120 --- [NakanoStay] [    Test worker] c.p.N.controllers.RoomControllerTest     : Started RoomControllerTest in 0.17 seconds (process running for 9.278)
]]></system-out>
  <system-err><![CDATA[]]></system-err>
</testsuite>
