<?xml version="1.0" encoding="UTF-8"?>
<testsuite name="com.puce.NakanoStay.services.BookingCodeServiceTest" tests="7" skipped="0" failures="0" errors="0" timestamp="2025-08-19T17:05:06.024Z" hostname="JEREMYNAKANO" time="0.134">
  <properties/>
  <testcase name="should throw exception when unable to generate unique code after max attempts()" classname="com.puce.NakanoStay.services.BookingCodeServiceTest" time="0.123"/>
  <testcase name="should include current date in generated code()" classname="com.puce.NakanoStay.services.BookingCodeServiceTest" time="0.002"/>
  <testcase name="should retry when code already exists and then succeed()" classname="com.puce.NakanoStay.services.BookingCodeServiceTest" time="0.002"/>
  <testcase name="should generate codes with only valid characters()" classname="com.puce.NakanoStay.services.BookingCodeServiceTest" time="0.002"/>
  <testcase name="should generate different codes on multiple calls()" classname="com.puce.NakanoStay.services.BookingCodeServiceTest" time="0.002"/>
  <testcase name="should generate unique booking code successfully()" classname="com.puce.NakanoStay.services.BookingCodeServiceTest" time="0.001"/>
  <testcase name="generated code should have correct format()" classname="com.puce.NakanoStay.services.BookingCodeServiceTest" time="0.001"/>
  <system-out><![CDATA[]]></system-out>
  <system-err><![CDATA[]]></system-err>
</testsuite>
