<?xml version="1.0" encoding="UTF-8"?>
<testsuite name="com.puce.NakanoStay.controllers.RoomControllerTest" tests="5" skipped="0" failures="0" errors="0" timestamp="2025-07-06T02:30:55.279Z" hostname="jeremy-hp" time="1.006">
  <properties/>
  <testcase name="should return all rooms when get all()" classname="com.puce.NakanoStay.controllers.RoomControllerTest" time="0.734"/>
  <testcase name="should create room when post()" classname="com.puce.NakanoStay.controllers.RoomControllerTest" time="0.14"/>
  <testcase name="should return 404 when hotel not found for room creation()" classname="com.puce.NakanoStay.controllers.RoomControllerTest" time="0.052"/>
  <testcase name="should delete room when delete by id()" classname="com.puce.NakanoStay.controllers.RoomControllerTest" time="0.034"/>
  <testcase name="should return rooms by hotel when get by hotel id()" classname="com.puce.NakanoStay.controllers.RoomControllerTest" time="0.026"/>
  <system-out><![CDATA[21:30:48.933 [Test worker] INFO org.springframework.test.context.support.AnnotationConfigContextLoaderUtils -- Could not detect default configuration classes for test class [com.puce.NakanoStay.controllers.RoomControllerTest]: RoomControllerTest does not declare any static, non-private, non-final, nested classes annotated with @Configuration.
21:30:49.457 [Test worker] INFO org.springframework.boot.test.context.SpringBootTestContextBootstrapper -- Found @SpringBootConfiguration com.puce.NakanoStay.NakanoStayApplication for test class com.puce.NakanoStay.controllers.RoomControllerTest

  .   ____          _            __ _ _
 /\\ / ___'_ __ _ _(_)_ __  __ _ \ \ \ \
( ( )\___ | '_ | '_| | '_ \/ _` | \ \ \ \
 \\/  ___)| |_)| | | | | || (_| |  ) ) ) )
  '  |____| .__|_| |_|_| |_\__, | / / / /
 =========|_|==============|___/=/_/_/_/

 :: Spring Boot ::                (v3.5.0)

2025-07-05T21:30:50.275-05:00  INFO 17385 --- [NakanoStay] [    Test worker] c.p.N.controllers.RoomControllerTest     : Starting RoomControllerTest using Java 21.0.7 with PID 17385 (started by jeremy-nakano in /home/jeremy-nakano/Documentos/NakanoStay)
2025-07-05T21:30:50.280-05:00  INFO 17385 --- [NakanoStay] [    Test worker] c.p.N.controllers.RoomControllerTest     : No active profile set, falling back to 1 default profile: "default"
2025-07-05T21:30:55.196-05:00  INFO 17385 --- [NakanoStay] [    Test worker] o.s.b.t.m.w.SpringBootMockServletContext : Initializing Spring TestDispatcherServlet ''
2025-07-05T21:30:55.197-05:00  INFO 17385 --- [NakanoStay] [    Test worker] o.s.t.web.servlet.TestDispatcherServlet  : Initializing Servlet ''
2025-07-05T21:30:55.202-05:00  INFO 17385 --- [NakanoStay] [    Test worker] o.s.t.web.servlet.TestDispatcherServlet  : Completed initialization in 1 ms
2025-07-05T21:30:55.258-05:00  INFO 17385 --- [NakanoStay] [    Test worker] c.p.N.controllers.RoomControllerTest     : Started RoomControllerTest in 5.671 seconds (process running for 7.809)
]]></system-out>
  <system-err><![CDATA[Mockito is currently self-attaching to enable the inline-mock-maker. This will no longer work in future releases of the JDK. Please add Mockito as an agent to your build as described in Mockito's documentation: https://javadoc.io/doc/org.mockito/mockito-core/latest/org.mockito/org/mockito/Mockito.html#0.3
WARNING: A Java agent has been loaded dynamically (/home/jeremy-nakano/.gradle/caches/modules-2/files-2.1/net.bytebuddy/byte-buddy-agent/1.17.5/58f9507f5f28d1d3e7adfb4ec2fe37c29d332c9b/byte-buddy-agent-1.17.5.jar)
WARNING: If a serviceability tool is in use, please run with -XX:+EnableDynamicAgentLoading to hide this warning
WARNING: If a serviceability tool is not in use, please run with -Djdk.instrument.traceUsage for more information
WARNING: Dynamic loading of agents will be disallowed by default in a future release
]]></system-err>
</testsuite>
